<?xml version="1.0" encoding="UTF-8"?>
<!-- Generated by org.testng.reporters.JUnitReportReporter -->
<testsuite hostname="DESKTOP-HEF8876" name="com.rani.automation.bussinessscripts.FbTest" tests="1" failures="0" timestamp="18 Apr 2018 05:32:24 GMT" time="6.722" errors="0">
  <testcase name="fbTest" time="6.722" classname="com.rani.automation.bussinessscripts.FbTest"/>
</testsuite> <!-- com.rani.automation.bussinessscripts.FbTest -->
