<?xml version="1.0" encoding="UTF-8"?>
<!-- Generated by org.testng.reporters.JUnitReportReporter -->
<testsuite hostname="DESKTOP-HEF8876" name="com.rani.automation.testng.TestNGDemoTwo" tests="3" failures="0" timestamp="12 Apr 2018 20:32:37 GMT" time="18.547" errors="0">
  <testcase name="amain" time="3.106" classname="com.rani.automation.testng.TestNGDemoTwo"/>
  <testcase name="bmain" time="2.742" classname="com.rani.automation.testng.TestNGDemoTwo"/>
  <testcase name="gmail" time="12.699" classname="com.rani.automation.testng.TestNGDemoTwo"/>
</testsuite> <!-- com.rani.automation.testng.TestNGDemoTwo -->
