<?xml version="1.0" encoding="UTF-8"?>
<!-- Generated by org.testng.reporters.JUnitReportReporter -->
<testsuite hostname="DESKTOP-HEF8876" name="com.rani.automation.testng.TestNGDemoOne" tests="1" failures="0" timestamp="12 Apr 2018 20:32:37 GMT" time="11.334" errors="0">
  <testcase name="main" time="11.334" classname="com.rani.automation.testng.TestNGDemoOne"/>
</testsuite> <!-- com.rani.automation.testng.TestNGDemoOne -->
