<?xml version="1.0" encoding="UTF-8"?>
<!-- Generated by org.testng.reporters.JUnitReportReporter -->
<testsuite hostname="DESKTOP-HEF8876" name="com.rani.automation.testng.ParametersDemo" tests="1" failures="0" timestamp="13 Apr 2018 17:30:51 GMT" time="130.711" errors="0">
  <testcase name="gmailLogin" time="130.711" classname="com.rani.automation.testng.ParametersDemo"/>
</testsuite> <!-- com.rani.automation.testng.ParametersDemo -->
