<?xml version="1.0" encoding="UTF-8"?>
<!-- Generated by org.testng.reporters.JUnitReportReporter -->
<testsuite hostname="DESKTOP-HEF8876" name="com.rani.automation.testng.TestNGDemo" tests="2" failures="0" timestamp="13 Apr 2018 10:54:40 GMT" time="33.474" errors="0">
  <testcase name="bmain" time="15.501" classname="com.rani.automation.testng.TestNGDemo"/>
  <testcase name="amain" time="17.973" classname="com.rani.automation.testng.TestNGDemo"/>
</testsuite> <!-- com.rani.automation.testng.TestNGDemo -->
